\BOOKMARK [1][-]{section.1}{Definition}{}% 1
\BOOKMARK [2][-]{subsection.1.1}{Project Overview}{section.1}% 2
\BOOKMARK [2][-]{subsection.1.2}{Problem Statement}{section.1}% 3
\BOOKMARK [2][-]{subsection.1.3}{Metrics}{section.1}% 4
\BOOKMARK [1][-]{section.2}{Analysis}{}% 5
\BOOKMARK [2][-]{subsection.2.1}{Input Space Description}{section.2}% 6
\BOOKMARK [2][-]{subsection.2.2}{Exploratory Visualization}{section.2}% 7
\BOOKMARK [2][-]{subsection.2.3}{Algorithm and Techniques}{section.2}% 8
\BOOKMARK [2][-]{subsection.2.4}{Benchmark}{section.2}% 9
\BOOKMARK [1][-]{section.3}{Methodology}{}% 10
\BOOKMARK [2][-]{subsection.3.1}{Data Preprocessing}{section.3}% 11
\BOOKMARK [2][-]{subsection.3.2}{Implementation}{section.3}% 12
\BOOKMARK [2][-]{subsection.3.3}{Refinement}{section.3}% 13
\BOOKMARK [1][-]{section.4}{Results}{}% 14
\BOOKMARK [2][-]{subsection.4.1}{Model Evaluation and Validation}{section.4}% 15
\BOOKMARK [2][-]{subsection.4.2}{Justification}{section.4}% 16
\BOOKMARK [1][-]{section.5}{Conclusion}{}% 17
\BOOKMARK [2][-]{subsection.5.1}{Free-Form Visualization}{section.5}% 18
\BOOKMARK [2][-]{subsection.5.2}{Reflection}{section.5}% 19
\BOOKMARK [2][-]{subsection.5.3}{Improvement}{section.5}% 20
